build/intermediates/manifest_merge_blame_file/debug/manifest-merger-blame-debug-report.txt
1<?xml version="1.0" encoding="utf-8"?>
2<manifest xmlns:android="http://schemas.android.com/apk/res/android"
3    package="com.sharebounds.sharebounds"
4    android:versionCode="1"
5    android:versionName="1.0" >
6
7    <uses-sdk
8        android:minSdkVersion="16"
8-->src/main/AndroidManifest.xml
9        android:targetSdkVersion="27" />
9-->src/main/AndroidManifest.xml
10
11    <uses-permission android:name="android.permission.CAMERA" />
11-->src/main/AndroidManifest.xml:5:5-64
11-->src/main/AndroidManifest.xml:5:22-62
12    <uses-permission android:name="android.permission.READ_EXTERNAL_STORAGE" />
12-->src/main/AndroidManifest.xml:6:5-79
12-->src/main/AndroidManifest.xml:6:22-77
13
14    <uses-feature
14-->src/main/AndroidManifest.xml:7:5-84
15        android:name="android.hardware.camera"
15-->src/main/AndroidManifest.xml:7:19-57
16        android:required="false" />
16-->src/main/AndroidManifest.xml:7:58-82
17    <uses-feature
17-->src/main/AndroidManifest.xml:8:5-94
18        android:name="android.hardware.camera.autofocus"
18-->src/main/AndroidManifest.xml:8:19-67
19        android:required="false" />
19-->src/main/AndroidManifest.xml:8:68-92
20    <uses-feature
20-->src/main/AndroidManifest.xml:9:5-90
21        android:name="android.hardware.camera.flash"
21-->src/main/AndroidManifest.xml:9:19-63
22        android:required="false" />
22-->src/main/AndroidManifest.xml:9:64-88
23
24    <supports-screens
24-->src/main/AndroidManifest.xml:11:5-15:48
25        android:largeScreens="true"
25-->src/main/AndroidManifest.xml:13:9-36
26        android:normalScreens="true"
26-->src/main/AndroidManifest.xml:12:9-37
27        android:requiresSmallestWidthDp="240"
27-->src/main/AndroidManifest.xml:15:9-46
28        android:smallScreens="false"
28-->src/main/AndroidManifest.xml:11:23-51
29        android:xlargeScreens="true" />
29-->src/main/AndroidManifest.xml:14:9-37
30
31    <application
31-->src/main/AndroidManifest.xml:17:5-75:19
32        android:allowBackup="true"
32-->src/main/AndroidManifest.xml:18:9-35
33        android:debuggable="true"
34        android:hardwareAccelerated="true"
34-->src/main/AndroidManifest.xml:19:9-43
35        android:icon="@mipmap/ic_launcher"
35-->src/main/AndroidManifest.xml:20:9-43
36        android:label="@string/app_name"
36-->src/main/AndroidManifest.xml:21:9-41
37        android:resizeableActivity="false"
37-->src/main/AndroidManifest.xml:24:9-43
38        android:roundIcon="@mipmap/ic_launcher_round"
38-->src/main/AndroidManifest.xml:22:9-54
39        android:supportsPictureInPicture="false"
39-->src/main/AndroidManifest.xml:25:9-49
40        android:theme="@style/AppTheme" >
40-->src/main/AndroidManifest.xml:23:9-40
41        <meta-data
41-->src/main/AndroidManifest.xml:26:9-28:69
42            android:name="com.google.android.gms.version"
42-->src/main/AndroidManifest.xml:27:13-58
43            android:value="@integer/google_play_services_version" />
43-->src/main/AndroidManifest.xml:28:13-66
44        <meta-data
44-->src/main/AndroidManifest.xml:29:9-31:35
45            android:name="com.google.android.gms.vision.DEPENDENCIES"
45-->src/main/AndroidManifest.xml:30:13-70
46            android:value="ocr" />
46-->src/main/AndroidManifest.xml:31:13-32
47
48        <activity
48-->src/main/AndroidManifest.xml:33:9-39:20
49            android:name="com.sharebounds.sharebounds.main.MainActivity"
49-->src/main/AndroidManifest.xml:34:13-46
50            android:configChanges="orientation|keyboardHidden|screenSize"
50-->src/main/AndroidManifest.xml:37:13-74
51            android:label="@string/app_name"
51-->src/main/AndroidManifest.xml:35:13-45
52            android:screenOrientation="portrait"
52-->src/main/AndroidManifest.xml:36:13-49
53            android:theme="@style/MainTheme" >
53-->src/main/AndroidManifest.xml:38:13-45
54        </activity>
55        <activity
55-->src/main/AndroidManifest.xml:40:9-49:20
56            android:name="com.sharebounds.sharebounds.main.PrivTouActivity"
56-->src/main/AndroidManifest.xml:41:13-49
57            android:label="@string/display_name"
57-->src/main/AndroidManifest.xml:42:13-49
58            android:screenOrientation="portrait"
58-->src/main/AndroidManifest.xml:43:13-49
59            android:theme="@style/MainTheme.Splash" >
59-->src/main/AndroidManifest.xml:44:13-52
60            <intent-filter>
60-->src/main/AndroidManifest.xml:45:13-48:29
61                <action android:name="android.intent.action.MAIN" />
61-->src/main/AndroidManifest.xml:46:17-69
61-->src/main/AndroidManifest.xml:46:25-66
62
63                <category android:name="android.intent.category.LAUNCHER" />
63-->src/main/AndroidManifest.xml:47:17-77
63-->src/main/AndroidManifest.xml:47:27-74
64            </intent-filter>
65        </activity>
66        <activity
66-->src/main/AndroidManifest.xml:50:9-54:20
67            android:name="com.sharebounds.sharebounds.main.TextActivity"
67-->src/main/AndroidManifest.xml:51:13-46
68            android:label="@string/title_activity_text"
68-->src/main/AndroidManifest.xml:52:13-56
69            android:windowSoftInputMode="adjustResize" >
69-->src/main/AndroidManifest.xml:53:13-55
70        </activity>
71        <activity
71-->src/main/AndroidManifest.xml:55:9-58:20
72            android:name="com.sharebounds.sharebounds.main.SettingsActivity"
72-->src/main/AndroidManifest.xml:56:13-50
73            android:label="@string/title_activity_settings" >
73-->src/main/AndroidManifest.xml:57:13-60
74        </activity>
75        <activity
75-->src/main/AndroidManifest.xml:60:9-61:76
76            android:name="com.google.android.gms.oss.licenses.OssLicensesMenuActivity"
76-->src/main/AndroidManifest.xml:60:19-93
77            android:label="@string/oss_license_title"
77-->[com.google.android.gms:play-services-oss-licenses:12.0.1] AndroidManifest.xml:25:13-54
78            android:theme="@style/Theme.AppCompat.DayNight.DarkActionBar" />
78-->src/main/AndroidManifest.xml:61:13-74
79        <activity
79-->src/main/AndroidManifest.xml:63:9-64:76
80            android:name="com.google.android.gms.oss.licenses.OssLicensesActivity"
80-->src/main/AndroidManifest.xml:63:19-89
81            android:theme="@style/Theme.AppCompat.DayNight.DarkActionBar" />
81-->src/main/AndroidManifest.xml:64:13-74
82
83        <service
83-->src/main/AndroidManifest.xml:66:9-74:19
84            android:name="com.sharebounds.sharebounds.keyboard.CameraIME"
84-->src/main/AndroidManifest.xml:66:18-52
85            android:label="@string/app_name"
85-->src/main/AndroidManifest.xml:67:13-45
86            android:permission="android.permission.BIND_INPUT_METHOD" >
86-->src/main/AndroidManifest.xml:68:13-70
87            <intent-filter>
87-->src/main/AndroidManifest.xml:69:13-71:29
88                <action android:name="android.view.InputMethod" />
88-->src/main/AndroidManifest.xml:70:17-67
88-->src/main/AndroidManifest.xml:70:25-64
89            </intent-filter>
90
91            <meta-data
91-->src/main/AndroidManifest.xml:72:13-73:50
92                android:name="android.view.im"
92-->src/main/AndroidManifest.xml:72:24-54
93                android:resource="@xml/method" />
93-->src/main/AndroidManifest.xml:73:17-47
94        </service>
95
96        <activity
96-->[com.google.android.gms:play-services-base:12.0.1] AndroidManifest.xml:23:9-26:75
97            android:name="com.google.android.gms.common.api.GoogleApiActivity"
97-->[com.google.android.gms:play-services-base:12.0.1] AndroidManifest.xml:24:13-79
98            android:exported="false"
98-->[com.google.android.gms:play-services-base:12.0.1] AndroidManifest.xml:25:13-37
99            android:theme="@android:style/Theme.Translucent.NoTitleBar" />
99-->[com.google.android.gms:play-services-base:12.0.1] AndroidManifest.xml:26:13-72
100
101        <provider
101-->[com.squareup.picasso:picasso:2.71828] AndroidManifest.xml:8:9-11:40
102            android:name="com.squareup.picasso.PicassoProvider"
102-->[com.squareup.picasso:picasso:2.71828] AndroidManifest.xml:9:13-64
103            android:authorities="com.sharebounds.sharebounds.com.squareup.picasso"
103-->[com.squareup.picasso:picasso:2.71828] AndroidManifest.xml:10:13-72
104            android:exported="false" />
104-->[com.squareup.picasso:picasso:2.71828] AndroidManifest.xml:11:13-37
105    </application>
106
107</manifest>